Case #1: 5 5 5 5 5 5 4 5 5 5 5 5 5 5 3 5 5 4 3 5 4 5 1 4 4 5 4 5 4 5 5 4 5 5 5 5 1 5 4 4 4 5 5 2 2 5 5 5 5 4 5 2 2 5 4 4 5 5 5 5 5 4 4 5 5 3 5 5 3 2 2 4 5 4 3 5 5
Case #2: 85 79 85 85 85 85 85 85 85 85 85 85 85 85 85 85 85 81 85 85 85 85 85 85 85 85 85 85 85 85 85 85 85 85 85 85 85 85 85 85 85 85 85 82 85 85 85 85 85 85 84 85 84 85 85 85 85 81 81 81 85 85 85 85 85 85 83 85 85 85 85 85 85 85 85 84 85 85 85 85 85 85 85 85 85 85 85 85 84 85 85 85
Case #3: 69 69 69 69 69 69 69 69 69 69 69 69 69 69 69 69 69 69 69 69 69 69 69 69 69 69 69 69 69 69 69 67 69 69 69 69 69 69 69 69 69 69 69 69 69 69 69 69 66 69 69 69 69 69 66 69 66 66 69 69 69 69 69 69 69 69 69 69 69 69 69 69 69 69 69 69 69 69 69 69 69 69 69
Case #4: 29 29 29 28 28 29 29 29 29 29 29 29 29 28 28 29 29 29 29 29 29 29 29 18 29 29 29 29 28 29 29 29 29 29 29 29 29 29 29 29 29 29 29 29 29 29 29 29 29 29 29 29 27 29 29 29 29 27 27 26 25 29 29 29 29 27 28 29 29 28 28 28 28 28 29 29 29 29 27 29 27 29 25 18 28 28 29 29 29
Case #5: 83 88 88 88 88 88 88 88 88 88 88 88 88 88 88 88 88 88 88 88 88 88 88 88 88 88 88 88 88 86 88 88 88 88 88 88 88 74 88 88 88 88 88 88 85 88 88 88 88 85 88 88 86 88 88 88 88 88 88 88 88 88 88 88 88 88 88
Case #6: 83 83 83 83 83 83 83 83 83 83 83 61 61 83 70 70 83 83 83 81 83 83 75 83 83 83 83 83 83 83 83 59 83 83 83 83 83 83 83 83 83 83 83 83 83 83 75 83 83 83 83 83 83 83 83 83 83 83 83 82 83 83 83 83 83 83 83 82 83 63 83 75
Case #7: 43
Case #8: 12 12 12 12 12 12 12 12 12 12 12 12 12 7 11 12 12 11 11 12 10 10 12 12 12 12 12 12 12 12 12 12 12 12 12 12 11 12 12 10 10 9 12 12 11 11 11 11 12 12 12 11 11 12 11 9 9 12 12 9 12 12 12 12 12 12 12 12 12 12 12 12 12 10 10 10 12 12 12 12
Case #9: 11 9 9 11 11 11 11 11 11 11 10 10 11 11 11 11 8 8 11 5 7 8 7 11 11 11 11 11 11 11 11 11 11 11 11 11 11 11 11 10 10 10 11 11 9 11 11 9 10 6 11 11 11 10 11 11 11 11 11 10 11 11 11 11 11 11 11 11 11 10 10 10 11 11 11 11 11 11 11 7 11 7 7 11 10 10 11 10 10 10 10 10 11 11 11
Case #10: 18 19 17 16 16 19 19 18 17 17 19 17 19 17 18 19 18 19 19 17
Case #11: 66 66 66 66 66 66 66 66 66 66 66 66 66 66 66 66 66 66 66 66 66 66 60 66 66 64 66 60 66 66 66 65 57 66 66 66 66 66 65 65 66 64 57 57 66 66 66 66 66 66 66 66 63 66 66 66 65 66 66 66 66 66 66 66 66 66 66 66 65 66 60 66 66 66 66 66 66 66 66 60 43 43 66 66 66 66 66 66 66 66 66 66 66 66 44
Case #12: 51 51 51 51 51 51 51 51 50 51 37 51 49 47 49 48 49 50 51 51 51 51 50 50 50 51 51 50 51 50 51 51 51 51 51 51 51 19 46
Case #13: 64 64 64 64 64 64 64 64 64 64 62 64 64 64 63 64 64 63 64 64 64 64 64 64 64 64 64 64 64 64 64 55 64 64 64 64 64 58 63 64 63 63 64 64 64 64 64 64 64 64 64 64 64 64 64 64 64 64 64 64 64 64 64 64 64 64 64 64 61 64 64 64 64 64 64 64 64 64 64 64
Case #14: 94 94 85 94 93 94 94 94 94 86 94 94 94 94 94 94 85 94 94 94 94 94 94 94 94 94 94 94 94 94 94 85 94 90 94 94 94 94 94 94 94 94 94 94 94 94 94 94 94 94 94 94 94 94 94 94
Case #15: 67 67 67 67 67 67 67 67 67 67 67 67 67 66 66 67 67 67 67 67 67 67 67 67 67 66 67 67 66 55 67 60 67 67 67 63 30 67 67 67 32 28 67 67 67 67 52 67 67 67 67 67 67 67 67 67 67 62 62 67 67 67 67 67 67 67 67 67 67 64
Case #16: 47 48 47 48 47 48 47 48 48 48 48 47 48 48 48 48 48 48 48 48 48 48 48 48 48 48 48 48 48 48 48 48 48 48 48 39 48 39 17 17 17 48 48 48 48 48 48 48 48 48 48 35 48 48 48 48 48 48 48 48 47 48 48 48 48 48 48 48 48 48 48 48 48 48 48 48 48 48 48 48 48 48 48 48 48
Case #17: 21 28 28 27 28 28 26 26 27 27 27 28 27 27 28 28 28 28 28 28 28 28 28 28 28 28 27 27 28 26 28 28 28 22 28 28 28 28 28 28 28 28 28 28 28 28 28 28 5 5 5 19 19 19 28 28 28 28 28 28 28 28 28 28 28 28 28 28 28 28 28 28 28 28 28 28 28 28 27 27 25
Case #18: 36 36 33 36 36 36 36 36 36 35 36 36 36 35 36 36 36 36 36 35 35 36 36 36 36 36 34 36 36 35 35 36 35 35 35 36 35 36 36 36 36 36 35 35 35 35 35 36 36 36 36 36 36 36 36 36 36 36 36 36 36 35 36 36 35 36 36 35 34 34 34 36 34 36 34 36 36 32 35 36 31 36 36 36 36 36 36 36 36 36 36 36 32 32 36 36
Case #19: 88 89 89 89 89 89 89 89 89 89 89 89 89 89 89
Case #20: 96 91 96 96 96 96 96 96 93 96 96 96 96 58 96 96 96 96 96 96 96 96 95 96 95 96 96 96 96 96 96 96 96 96 96 96 96 93 91 96 96 96 90 96 96 96 96 96 96 89 96 96
Case #21: 97 97 97 92 94 93 96 96
Case #22: 28 28 28 28 28 28 28 26 28 28 28 28 28 28 28
Case #23: 18 18 19 19 13 18 19 13 16 19 19 13 19
Case #24: 81 41 81 81 81 78 81 81 81 81 81 81 81 81 81 81 81 81 76 81 81 81 81 81 81 81 81 68 81 81 81 81 81 81 81 81 81 81 81 75 81 71 81 81 81 81 81 81 81 81 81 81 81 81 81 81 81 81 81 81 81 81 81 81 81 81 81 81 80 80 81 81 81 81 81 81 62 78 81 81 81 81 81 81 81 81 81 81 81 81 79 81 81 80 81 58
Case #25: 65 65 65 65 65 65 64 64 65 65 63 36 36 65 65 65 65 65 65 65 64 65 64 64 65 65 65 65 65 65 65 65 65 65 65 65 65 65 65 65 65 28
Case #26: 7 8 8 9 9 8 9 9 9 9 9 9 9 9 4 8 8 9 9 9 9 6 9 6 8 8 9 7 9 9 9 9 9 9 9 8 9 9 9 9 9 9 9 4 9 9 7 9 9 9 9 9 9 9 9 9 9 9 9 9 9 9 9 9 9 9 9 9 8 9 9 8 9 6 9 9 9 7 9 9 8 9 7 9 7 9 9 7 7 9 9 9 9
Case #27: 72 72 72 72 72 72 72 72 72 69 72 72 72 72 72 72 72 72 72 72 61 72 72 72 72 72 69 72 72 67 72 72 72 72 72 72 72 72 72 72 72 72 72 69 69 72 72
Case #28: 89 89 89 89 89 89 89 89 89 89 70 89 89 89 89 89 89 89 89 89 87 86 89 89 89 89 89 89 89 89 89 89 89 89 89 89 89 89 89 89 89 89 89
Case #29: 37 58 58 58 58 58 58 58 58 58 58 58 58 58 58 58 58 58 58 58 58 55 58 58 58 58 58 58 58 58 58 58 58 58 58 58 58 58 58 58 58 58 58 58 58 58 58 58 58 58 58 58 58 57 58 58 58 58 58 58 57 58
Case #30: 85 82 85 85 85 85 85 85 82 85 85 85 85 85 85 54 85 85 85 85 85 85 85 85 85 85 85 84 85 85 85 85 85 85 85 85 85 85 85 81 85 85 85 85 85 85 85 85 85 85 85 85 85 79 85 85 85 85
Case #31: 76 79 79 79 79 79 79 79 79 79 79 79 70 79 79 79 79 79 79 79 79 79 79 74 79 79 79 79 79 78 79 79 79 79 79 79 79 79 79 78 79 65 79 79 79 79 79 79 79 79 79 79 79 76 79 79 78 79 79 79 79 79
Case #32: 28 28 28 28 28 28 28 28 28 28 28 28 28 24 24 28 28 27 27 28 27 27 28 28 28 28 28 28 23 28 28 28 28 28 28 28 27 28 28 28 27 26 27 28 27 18 18 27 28 28 28 28 28 28 28 28 27 27 28 27 28 28 27 28 28 28 28 28 27
Case #33: 42 42 42 42 42 42 42 42 42 41 23 41 41 42 42 42 42 42 42 42 42 42 42 42 42 42 42 42 42 42 42 42 42 39 42 42 42 42 42 42 35 42 42 42 42 42 42 42 42
Case #34: 91 91 91 91 91 91 89 91 89 91 87 87 87 91 91 91 91 91 91 91 91 91 91 90 91 91 91 91 91 91 90 91 91 80 91 91 91 91 91 91 91 91 91 91 91 91 91 91 91 91 87 91 91 91 91 91
Case #35: 39 39 39 39 39 39 39 39 39 39 39 39 39 39 39 39 39 39 38 39 38 39 39 38 39 39 39 38 38 39 39 39 39 39 39 39 39 39 39 39 39 37 38 37 39 39 39 39 39 39 39 38 39 39 39 39 39 38 39 39 39 39 38 39 39 39 39 39 39 38 39 39 38 39 38 39 39 39 39 39 39 39 39 39 39 39 39 38 38 39 39
Case #36: 18 19 19 16 17 16 19 18 19 16 19 19 19 19 19 19 19 19 19 19 19 19 19 19 19 19 19 11 18 18 18 19 19 19 19 19 18 18 19 19 19 19 19 19 18 18 19 19 19 19 19 19 19 19 17 17 18 18 18 16 19 19 19 13 13 19 19 19 19 19 19 19
Case #37: 96 96 96 96 96 96 96 96 84 96 96 96 96 96 96 96 96 96 96 96 90 96 96 96 95 96 96 96 96 96 90 96 96 96 96 96
Case #38: 40 40 40 40 40 40 40 40 40 40 40 40 33 39 40 40 40 40 40 40 40 40 40 40 40 40 40 40 40 40 40 40 40 40 40 40 40 40 40 40 40 40 40 36 40 40 40 40 40 40 40 40 40 40 40 40 40 39 40 40 40 40 40 40 40 40 40 40 40 40 40 40 40 40 40 40 40 40 34 40 40 40 40 40 39 39 40
Case #39: 61 61 61 61 61 61 61 61 61 55 47 61 60 61 61 61 61 61 61 61 61 54 58 61 61 61 61 61 61 61 57 61 61 61 61 47 47 61 61 61 61 38 54 61 61 61 61 61 60 61 61 61 61 61 61 61 61 61 61 61 61 61 61 61 61 61 61 61 61 61 61 61 56 56 60 61
Case #40: 44 44 44 44 44 44 44 44 44 44 44 44 44 44 44 44 43 44 44 44 44 44 44 44 44 44 44 44 42 44 44 44 44 44 44 44 44 44 41 42 42 44 43 42 43 44 44 44 34 44 44 44 44 44 43 43 43 44 41 43 44 44 44 44 44 44 44
Case #41: 61 62 61 62 62 62 60 62 62 51 62 62 62 62 62 62 62 62 62 62 62 62 62 62 62 62 62 62 62 62 62 62 62 62 59 62 62 62 62 62 62 62 62 62 62 62 62 62 62 62 62 62
Case #42: 83 83 83 83 65 83 83 83 83 83 83 83 83 83 83 83 83 82 83 83 83 83 83 83 83 83 83 83 82 82 82 83 83 83 83 83 74 83 83 83 83 83 83 83 83 83 83 83
Case #43: 45 45 45 45 45 43 45 45 45 45 45 45 45 45 45 45 45 45 45 45 45 45 26 45 45 45 45 45 43 44 45 45 45 45 45 45 45 45 45 45 45 45 45 45 45 45 45 45 45 45 45 44 45 45 45 45 45 44 45 45 44 39 45 45 45 44 45 45 45 45 45 45 45 44 44 45 45 45 45 45 36 45 45 45 45 45 45 45 45 45 45 45 45 45 45 45 45
Case #44: 0 0 1 0 1 1 0 1 1 1 0 1 0 1 1 1 0 0 1 0 1 1 1 1 1 0 0 0 1 0 1 1 0 0 0 0 1 1 1 1 1 1 1 0 1 1 1 0 0 0 1 1 1 0 1 0 0 0 1 1 0 1 0 0 1 1 1 0 0 1 0 0 0 0 1 0 1 0 0 0 1 1 0 0 1 1 0 1 0
Case #45: 69 69 68 69 69 69 69 69 69 69 69 69 68 69 69 69 69 69 69 69 69 69 69 69 69 69 69
Case #46: 20 20 20 20 20 20 20 20 20 20 20 20 18 18 19 19 19 19 19 19 18 15 19 20 20 19 19 20 20 20 20 19 20 16
Case #47: 42 42 41 41 42 42 41 42 41 42 41 42 42 42 42 42 42 41 42 42 31 42 42 42 42 41 42 42 42 42 42 42 42 42 42
Case #48: 73 73 69 73 73 73 73 73 73 73 73 73 73 73 73 64 73 73 73 73 73 73 73 73 73 73 73 72 73 73 73 73 72 73 73 73 73 73 73 73 73 73 73 73 73 73 73 73 70 73 73 73 73 73 73 73 73 63 72 72 72 73 71 73 73 72 73 71 73 73 73 73 73
Case #49: 4 1 1 4 1 1 1 1 1 6
Case #50: 5 7 7 6 6 7
Case #51: 85 85 85 85 85 85 85 85 85 85 85 85 82 85 85 85 85 85 85 85 85 80 85 76 76 85 85 85 85 85 83 85 85 85 85 85 85 85 85 85 85 85 85 85 85 84 85 85 85 85 69 85 85 85 85 85 85 85 85 85 85 85 85 85
Case #52: 4 4 6 4 6 5 6 5 6 6 6 6 6 6 6 6 6 4 6 6 5 5 2 6 3 6 5 5 6 6 6 6 6 6 6 6 6 6 6 6 4 6 3 3 1 1 1 1 6 6 6 6 6 6
Case #53: 18 46 46 46 46 46 46 46 46 45 45 46 46 46 46 46 45 46 46 46 46 46 46 46 46 46 46 38 46 46 46 45 45 46 46 46 46 46 46 46 46 45 45 45 45 45 46 45 46 46 46 46 39 46 46 46 45 46 46 46 46 45 46 46 45 45 45 45 46 46 46 46 46 46 46 42 46 39 46 46 46 46 46 46 46 46 46 46 46 46 46 46 46 46 46 46
Case #54: 32 32 33 33 33 33 33 33 33 32
Case #55: 54 54 54 54 53 45 54 54 54 54 54 54 54 54 54 54 54 54 54 53 54 54 54 54 50 54 51 52 54 53 53 54 53 53 53 54 53 54 54 54 54 54 54 54 54 41 54 54 54 54 46 54 46 46 53 53 54 54 53 53 54 51 51 25 54 54 54 54 54 54 54 54 53 54 53 54 53 53 54 54 53 54 53 54 54 54 54 54 54
Case #56: 69 69 70 70
Case #57: 79 79 79 78 79 79 79 79 78 79 79 79 79 79 79 79 79 79 79 79 79 79 42 78 79 71 79 79 79 79 79 79 79 79 79 65 78 79 78 78 79 79 79 79 79 78 79 79 79 78 78 79 79 79 79 79 79 79 77 79 79
Case #58: 0 0 0 1 0 0 0 1 0 0 1 0 1 1 0 0 0 1 0 1 0 0 1 1 1 0 1 1 1 1 0 1 0 0 1 1 0 0 1 0 0 1 0 0 1 0 1 0 1 1 0 0 0 0
Case #59: 62 62 62 62 62 62 62 62 61 61 62 62 62 62 62 62 62 62 62 62 57 62 62 62 62 62 62 62 62 62 62
Case #60: 78 78 78 78 77 78 77 77 78 78 78 78 78 78 78 78 78 78 78 78 78 78 78 75 78 78 78 76 78 78 78 78 78 78 78 78 78 76 78 78 78 77 78 78 78 78 78 78 78 78 77 77 78 78 78 78 77 77 78 78 78 78 78 78 78 78 78 78 76 77 78 78 78 78 78 78 78 78 78 78 78 78 78 78 78 78 78 78 78 78
Case #61: 63 59 55 38 67 67 67 67 67 67 67 67 67 67 67 67 65 67 67 67 67 67 67 67 67 66 67 67 67 67 67 60 51 51 51 66 66 54 64 4 4 4 4 62 52 38
Case #62: 59 59 59 59 59 59 59 59 59 59 59 59 59 58 55 59 58 58 59 57 57 59 59 50 59 59 59 59 59 59 59 56 59 59 59 59 59 53 59 59 59 59 59 59 59 59 57 59 59 59 59 59 59 59 59
Case #63: 53 52 40 53 52 52 53 53 52 53 53 53 53 52 53 53 53 52 52 52 52 52 53 53 53 52 53 53 53 53 53 53 53 53 53 51 53 53 53 46 53 53 53 53 53 51 53 53 53 53 53 53 53 52 53 53 53 53 53 53 53 53 53 52 53 52 53 53 52 53 52 53 53 53 51 53 53 53 53 53 53 53 53 53 53 53 52 52 53
Case #64: 99 99 99 98 99 99 99 99 99 99 99 99 99 99 99 99 99 99 98 99 99 99 99 99 99 99 99
Case #65: 11 11 11 11 10 10 11 11 11 11 10 10 10 10 9 11 9 11 11 9 11 11 9 11 9 11 9 11 9 9 9 11 11
Case #66: 85 85 85 85 85 85 85 85 85 85 66 75 56 56 68 75 84 85 85 85 85 85 85 85 85 85 85 85 85 85 85 83 85 85 85 85 85 85 85 85 85 85 85 85 85 85 85 85 78 75 85 85 85 83 83 83 83 83 83 83 85 85 85 85 85 85 85 85 85 85 85 85 85 85 85 85 84 85 85 85 85 85 85 85 84 85 84 85
Case #67: 12 13 13 13 13 13 13 13 13 12 13 13 11 11 11 11 13 13 13 13 13 11 11 13 13 13 13 13 11 13 11 13 13 13 13 13 13 13 10 13 13 13 13 13 13 13 13 13 13 13 13 13 13 13 13 13 13 13 13 13 13 13 13 13 12 9 11 11 11 13 13 12 13 13 12 13 13 13 11 11 12
Case #68: 31 31 31 31 31 31 31 31 31 31 31 31 31 30 30 30 29 29 31 31 31 31 31 31 31 31 31 25 31 31 31 31 31 31 31 31 30 31 31 31 31 31 31 31 29 30
Case #69: 15 15 14 15 15 15 15 15 15 15 15 15 15 15 14 14 12
Case #70: 17 16 15 17 17 16 15 17 17 17 17 17 17 14 17 15 17 17 17 17 15 15 17 15 17 16 17 17 17 17 17 16 17 17 16 17 16 17 17 15 17 17 17 17 17 17 17 17 17 16 17 16 16 14 17 17 14 15 15 17 17 17 15 17 17 17 17 17
Case #71: 0 1 1 0 1 0 0 0 1 1 0 1 1 0 0 1 0 1 1 0 1 0 0 0 1 1 0 0 0 0 1
Case #72: 4 4 4 2 2 4 4 3 4 3 4 4 4 2 3 3 3 4 4 4 4 4 4 4 4 4 3 2 2 4
Case #73: 74 74 74 74 74 74 74 74 74 74 74 74 74 74 73 74 74 74 74 74 74 74 74 74 74 74 74 74 74 74 73 74 74 74 74 74 73 73 74 74 74 67 74 74 74 74 74
Case #74: 59 59 59 59 53 59 59 59 59 59 59 59 59 59 59 59 59 59 59 59 59 59 59 59 59 59 59 59 59 59 59 59 59 59 59 59 59 59 59 59 59 59 59 59 59 59 59 59 59 59 59 59 59 59 59 53 59 59 59 59 59 49 59 59 59 59 59 59 59 59 59
Case #75: 25 25 25 26 26 26 26 26 26 26 26 26 26 26 26 26 25 25 23 25 25 26 26 26 26 26 26 26 26 26 26 26 25 26 25 26 26 26 25 25 25 25 26 26 25 25 26 25 25 26 25 26 26 26 26
Case #76: 55 48 55 34 55 55 55 55 55 55 55 55 55 55 55 55 55 55 55 55 55 55 55 55 55 55 55 55 55 55 55 55 55 23 50 52 44 44 44 55 55 55 51 48 55 55 55 55 55 48 55 55 55 45 55 55 55 45 46 55 55 55 55 55 55 54 55 55
Case #77: 30 30 30 30 30 30 30 30 22 22 28 30 30 30 30 29 29 29 29 28 25 30 27 30 29 30 29 29 30 30 30 30 29 29 30 30 30 29 29 30 29 30 30 29 29 30 30 29 29 29 30 29 29 30 30 30 30 30 30 30
Case #78: 34 34 34 34 34 33 34 33 25 25 34 34 34 34 34 34 34 34 34 34 34 34 34 34 34 34 34 34 34 34 34 34 32 34 34 34 34 34 34 33 33 34 32 32 32 33 33 33 33 34 34 34 34 34 34 34 33
Case #79: 15 18 18 18 18 18 18 18 18 18 18 18 18 18
Case #80: 9 5 9 9 9 5 9 8 9 9 9 9 9 9 9 9 9 9 8 9 6 9 9 8 8 9 8 9 9 9 9 9 9 9
Case #81: 5 5 6 6 6 5 5 5 5 6 6 6 6 6 4 4 3 6 6 6 6 4 5 6 6 6 6 6 6 6 6 6 6 6 5 6 1 5 1 5 6 6 6 5 5 5 6 4 6 4 6 5 5 6 4 6 6 6 5 6 5 6 6 6 6 6 5 5 5 5 3 6 3 3 6 3 3 3 1 6 5 4 4 5 6 6 6 6 4 6 6
Case #82: 81 81 81 81 81 81 81 81 81 81 80 81 80 81 81 81 80 81 81 81 81 81 81 81 81 81 81 81 78 78 78 81 81 81 81 81 81
Case #83: 88 88 88 88 88 71 72 80 51 88 88 88 88 88 87 88 88 88
Case #84: 95 95 95 95 95 95 95 95 95 95 95 95 95 95 95 95 95 95 95 95 95 95 95 95 95 95 95 95 95 95 95 95 91 95 95 95 95 95 95 95 95 95 95 95 95 95 95 95 94 95 95 95 95 95 95 95 95 95 95 95 95 95 95 95 95 95 95 95 95 95 95 95 95 95 95 95 93 95 95 95 95 95 95 95 95 94
Case #85: 66 66 66 66 66
Case #86: 75 75 75 75 75 75 75 75 75 75
Case #87: 63 63 63 63 63 62 62 63 63 61 47 63 63 63 63 63 63 63 63 63 63 63
Case #88: 48 48 48 48 48 48 48 48 48 48 48 48 48 48 48 48 48 48 48 48 48 48 48 48 48 48 48 48 48 48 48 48 48 48 45 48 48 48 48 48 48 48 48 48 48 48 48 48 48 48 48 22 22 48 48 47 48 32 48 47 48 45 45 48 48 48 43 48 48 48 48 48 48 48 48 48 35 48 48 48
Case #89: 32 33 33 33 33 33 33 33 33 33 33 33 31 33 32 33 33 33 33 33 33 33 32 33 32 32 33 32 33 33 33 24 33 33 33 17 28 29 33 33 33 32 33 32 30 33 33 33 33 33 33 33 33 33 33 33 33 33 25
Case #90: 87 87 87 87 87 86 87 87 87 87 87 87 87 87 87 87 87 87 84 87 87 87 87 87 87 87 87 87 87 87 87 87 87 87 87 87 87 86 87 87 87 87 87 81 87 86 87 87 87 87 87 87 87 87
Case #91: 96 96 96 96 96 69 92 96 96 96 96 95 96 80 96 96 96 96 96 96 96 96 96 96 96 96 96 96 96 96 96 91 96 94 96 96 96 96 96 96 96 96 96 96 96 96 96 96 96 96 96 96 96 96 96 90 96 96 96 96 96 86 96 96 96 94 64 96 96 96 96 96 96 96 95 92 84 96 96 96 96 86 96 96 96 96 89 78 96 96 96 92
Case #92: 23 23 25 24 24 25 25 24 25 25 23 24 25 25 25 23 24 21 24 22 22 25 25 25 25 25 25 25 24 24 25 24 25 25 19 10 10 10 10 10 10 25 25 25 25 25 25 23 25 23 25 25 25 25 25 25 25 25 24 25 25 25 25
Case #93: 61 58 61 61 61 61 61 61 61 61 61 61 61 61 61 61 61 61 61 61 58 61 55 61 61 61 61 61 61 61 61 61 61 61 31 44 61 61 61 61 61 61 61 61 61 61 45 60 21 61 61 61 58 61 61 59 61 59 61 61 61 61 61 61 61 61 61 61 61 61 61 61 61 61 61 61 61 61 61 61 61 61 61 61 61 61 60 61 61 61 61 61 61 61
Case #94: 29 29 29 29 29 29 25 25 21 29 29 29 29 29 27 25 29 29 27 27 27 29 29 29 29 29 29 29 27 27 29 29 29 29 29 29 28 28 29 29 29 29 29 18 29 29 29 29 29 29 29 29 29 29 29 29 29 29 29 29 28 29 29 29 29 28 27 27 28 28 28
Case #95: 17 17 17 17 17 17 17 17 17 17 17 17 17 17 17 17 17 17 17 16 15 17 17 17 15 15 15 17 17 17 16 15 17 17 17 17 17 17 17 17 17 17
Case #96: 23 23 23 23 23 23 23 23 23 23 23 23 23 23 23 23 23 23 23 22 22 23 22 22 23 23 23 22 23 22 22 22 23 22 23 23 21 23 23 23 23 21 23 21 23 23 23 22 22 23 23 23 22 23 23 23 22 22 22 22 23 23 23 23 23 23 23 23 23 23 23 19 23 23 23 23 23 23 23
Case #97: 15 15 15 15 12 15 15 15 15
Case #98: 26 26 26 26 26 26 26 26 26 25 25 26 26
Case #99: 54 54 54 54 54 54 54 54 54 54 53 53 54 54 54 54 54 53 54 54 54 54 54 54 54 54 54 54 54 54 54 54 54 54 54 54 54 54 54 54 54 54 54 54 54 54 54 54 54 46 54 54 53 54 54 54 54 52 51 54 54 54 54 54 54 54 54 54 54 54 54 53
Case #100: 74 74 63 74 69 74 74 74 74 74 74 74 74 74 67 67 67 67 67 67 64 73 66 64 64 6 6 62 63 63 63 61 6 69 6 73 57 57 69 74 74 74 72 72
